<?xml version="1.0" encoding="UTF-8"?>
<!-- Generated by org.testng.reporters.JUnitXMLReporter -->
<testsuite ignored="4" hostname="0642-3457" failures="1" tests="5" name="Test" time="88.694" errors="0" timestamp="2026-04-13T00:09:20 PDT">
  <testcase classname="base.BaseClass" name="@BeforeClass loginToApplication" time="35.69">
    <failure type="java.lang.NullPointerException" message="Cannot invoke &amp;quot;Pages.LoginPage.loginToApplication(String, String)&amp;quot; because &amp;quot;this.loginPage&amp;quot; is null">
      <![CDATA[java.lang.NullPointerException: Cannot invoke "Pages.LoginPage.loginToApplication(String, String)" because "this.loginPage" is null
at base.BaseClass.loginToApplication(BaseClass.java:50)
at java.base/java.util.concurrent.Executors$RunnableAdapter.call(Executors.java:572)
at java.base/java.util.concurrent.FutureTask.run(FutureTask.java:317)
at java.base/java.util.concurrent.ThreadPoolExecutor.runWorker(ThreadPoolExecutor.java:1144)
at java.base/java.util.concurrent.ThreadPoolExecutor$Worker.run(ThreadPoolExecutor.java:642)
at java.base/java.lang.Thread.run(Thread.java:1583)
... Removed 9 stack frames]]>
    </failure>
  </testcase> <!-- @BeforeClass loginToApplication -->
  <testcase classname="base.BaseClass" name="@BeforeMethod startTest" time="0.0">
    <skipped/>
  </testcase> <!-- @BeforeMethod startTest -->
  <testcase classname="base.BaseClass" name="@AfterMethod reportResult" time="0.0">
    <skipped/>
  </testcase> <!-- @AfterMethod reportResult -->
  <testcase classname="base.BaseClass" name="@BeforeMethod startTest" time="0.0">
    <skipped/>
  </testcase> <!-- @BeforeMethod startTest -->
  <testcase classname="base.BaseClass" name="@AfterMethod reportResult" time="0.0">
    <skipped/>
  </testcase> <!-- @AfterMethod reportResult -->
  <testcase classname="base.BaseClass" name="@AfterClass LogoutFromApplication" time="0.0">
    <skipped/>
  </testcase> <!-- @AfterClass LogoutFromApplication -->
  <testcase classname="base.BaseClass" name="@BeforeClass loginToApplication" time="43.982">
    <failure type="java.lang.NullPointerException" message="Cannot invoke &amp;quot;Pages.LoginPage.loginToApplication(String, String)&amp;quot; because &amp;quot;this.loginPage&amp;quot; is null">
      <![CDATA[java.lang.NullPointerException: Cannot invoke "Pages.LoginPage.loginToApplication(String, String)" because "this.loginPage" is null
at base.BaseClass.loginToApplication(BaseClass.java:50)
at java.base/java.util.concurrent.Executors$RunnableAdapter.call(Executors.java:572)
at java.base/java.util.concurrent.FutureTask.run(FutureTask.java:317)
at java.base/java.util.concurrent.ThreadPoolExecutor.runWorker(ThreadPoolExecutor.java:1144)
at java.base/java.util.concurrent.ThreadPoolExecutor$Worker.run(ThreadPoolExecutor.java:642)
at java.base/java.lang.Thread.run(Thread.java:1583)
... Removed 9 stack frames]]>
    </failure>
  </testcase> <!-- @BeforeClass loginToApplication -->
  <testcase classname="base.BaseClass" name="@BeforeMethod startTest" time="0.0">
    <skipped/>
  </testcase> <!-- @BeforeMethod startTest -->
  <testcase classname="base.BaseClass" name="@AfterMethod reportResult" time="0.0">
    <skipped/>
  </testcase> <!-- @AfterMethod reportResult -->
  <testcase classname="base.BaseClass" name="@AfterClass LogoutFromApplication" time="0.0">
    <skipped/>
  </testcase> <!-- @AfterClass LogoutFromApplication -->
  <testcase classname="loginTest.VerifyDashBoard" name="verifyLoginToApplication2" time="0.0">
    <skipped/>
  </testcase> <!-- verifyLoginToApplication2 -->
  <testcase classname="loginTest.VerifyDashBoard" name="verifyWorkOrderDetails2" time="0.0">
    <skipped/>
  </testcase> <!-- verifyWorkOrderDetails2 -->
  <testcase classname="loginTest.VerifyLogin" name="verifyLoginToApplication1" time="0.175">
    <failure type="java.lang.AssertionError" message="expected [true] but found [false]">
      <![CDATA[java.lang.AssertionError: expected [true] but found [false]
at loginTest.VerifyLogin.verifyLoginToApplication1(VerifyLogin.java:16)
at java.base/java.util.concurrent.Executors$RunnableAdapter.call(Executors.java:572)
at java.base/java.util.concurrent.FutureTask.run(FutureTask.java:317)
at java.base/java.util.concurrent.ThreadPoolExecutor.runWorker(ThreadPoolExecutor.java:1144)
at java.base/java.util.concurrent.ThreadPoolExecutor$Worker.run(ThreadPoolExecutor.java:642)
at java.base/java.lang.Thread.run(Thread.java:1583)
... Removed 15 stack frames]]>
    </failure>
  </testcase> <!-- verifyLoginToApplication1 -->
  <testcase classname="WorkOrders.verifyWOListView" name="verifyWOListView" time="0.017">
    <skipped/>
  </testcase> <!-- verifyWOListView -->
  <testcase classname="loginTest.VerifyLogin" name="verifyWorkOrderDetails1" time="2.445"/>
  <testcase classname="base.BaseClass" name="@BeforeTest setup" time="0.0">
    <ignored/>
  </testcase> <!-- @BeforeTest setup -->
  <testcase classname="base.BaseClass" name="@AfterTest tearDown" time="0.0">
    <ignored/>
  </testcase> <!-- @AfterTest tearDown -->
  <testcase classname="base.BaseClass" name="@AfterTest tearDown" time="0.0">
    <ignored/>
  </testcase> <!-- @AfterTest tearDown -->
  <testcase classname="base.BaseClass" name="@BeforeTest setup" time="0.0">
    <ignored/>
  </testcase> <!-- @BeforeTest setup -->
</testsuite> <!-- Test -->
