<?xml version="1.0" encoding="UTF-8"?>
<!-- Generated by org.testng.reporters.JUnitXMLReporter -->
<testsuite ignored="0" hostname="0642-3457" failures="0" tests="5" name="verifySanity" time="71.169" errors="0" timestamp="2026-04-13T01:17:26 PDT">
  <testcase classname="loginTest.VerifyDashBoard" name="verifyLoginToApplication2" time="5.436"/>
  <testcase classname="loginTest.VerifyLogin" name="verifyLoginToApplication1" time="6.699"/>
  <testcase classname="WorkOrders.verifyWOListView" name="verifyWOListView" time="13.517"/>
  <testcase classname="loginTest.VerifyDashBoard" name="verifyWorkOrderDetails2" time="4.112"/>
  <testcase classname="loginTest.VerifyLogin" name="verifyWorkOrderDetails1" time="5.88"/>
</testsuite> <!-- verifySanity -->
