<?xml version="1.0" encoding="UTF-8"?>
<testng-results ignored="0" total="4" passed="3" failed="1" skipped="0">
  <reporter-output>
  </reporter-output>
  <suite started-at="2026-04-13T07:25:01 PDT" name="Default suite" finished-at="2026-04-13T07:25:42 PDT" duration-ms="41069">
    <groups>
    </groups>
    <test started-at="2026-04-13T07:25:01 PDT" name="Default test" finished-at="2026-04-13T07:25:42 PDT" duration-ms="41069">
      <class name="workOrders.verifyWOListView">
        <test-method is-config="true" signature="loginToApplication()[pri:0, instance:workOrders.verifyWOListView@81d9a72]" started-at="2026-04-13T07:25:01 PDT" name="loginToApplication" finished-at="2026-04-13T07:25:27 PDT" duration-ms="25456" status="PASS">
          <reporter-output>
          </reporter-output>
        </test-method> <!-- loginToApplication -->
        <test-method is-config="true" signature="startTest(java.lang.reflect.Method)[pri:0, instance:workOrders.verifyWOListView@81d9a72]" started-at="2026-04-13T07:25:27 PDT" name="startTest" finished-at="2026-04-13T07:25:27 PDT" duration-ms="17" status="PASS">
          <params>
            <param index="0">
              <value>
                <![CDATA[public void workOrders.verifyWOListView.verifyBulkEdit()]]>
              </value>
            </param>
          </params>
          <reporter-output>
          </reporter-output>
        </test-method> <!-- startTest -->
        <test-method signature="verifyBulkEdit()[pri:0, instance:workOrders.verifyWOListView@81d9a72]" started-at="2026-04-13T07:25:27 PDT" name="verifyBulkEdit" finished-at="2026-04-13T07:25:27 PDT" duration-ms="33" status="PASS">
          <reporter-output>
          </reporter-output>
        </test-method> <!-- verifyBulkEdit -->
        <test-method is-config="true" signature="reportResult(org.testng.ITestResult)[pri:0, instance:workOrders.verifyWOListView@81d9a72]" started-at="2026-04-13T07:25:27 PDT" name="reportResult" finished-at="2026-04-13T07:25:29 PDT" duration-ms="2272" status="PASS">
          <params>
            <param index="0">
              <value>
                <![CDATA[[TestResult name=verifyBulkEdit status=SUCCESS method=verifyWOListView.verifyBulkEdit()[pri:0, instance:workOrders.verifyWOListView@81d9a72] output={null}]]]>
              </value>
            </param>
          </params>
          <reporter-output>
          </reporter-output>
        </test-method> <!-- reportResult -->
        <test-method is-config="true" signature="startTest(java.lang.reflect.Method)[pri:0, instance:workOrders.verifyWOListView@81d9a72]" started-at="2026-04-13T07:25:29 PDT" name="startTest" finished-at="2026-04-13T07:25:29 PDT" duration-ms="15" status="PASS">
          <params>
            <param index="0">
              <value>
                <![CDATA[public void workOrders.verifyWOListView.verifySearchFunctionality()]]>
              </value>
            </param>
          </params>
          <reporter-output>
          </reporter-output>
        </test-method> <!-- startTest -->
        <test-method signature="verifySearchFunctionality()[pri:0, instance:workOrders.verifyWOListView@81d9a72]" started-at="2026-04-13T07:25:29 PDT" name="verifySearchFunctionality" finished-at="2026-04-13T07:25:29 PDT" duration-ms="31" status="PASS">
          <reporter-output>
          </reporter-output>
        </test-method> <!-- verifySearchFunctionality -->
        <test-method is-config="true" signature="reportResult(org.testng.ITestResult)[pri:0, instance:workOrders.verifyWOListView@81d9a72]" started-at="2026-04-13T07:25:29 PDT" name="reportResult" finished-at="2026-04-13T07:25:31 PDT" duration-ms="1315" status="PASS">
          <params>
            <param index="0">
              <value>
                <![CDATA[[TestResult name=verifySearchFunctionality status=SUCCESS method=verifyWOListView.verifySearchFunctionality()[pri:0, instance:workOrders.verifyWOListView@81d9a72] output={null}]]]>
              </value>
            </param>
          </params>
          <reporter-output>
          </reporter-output>
        </test-method> <!-- reportResult -->
        <test-method is-config="true" signature="startTest(java.lang.reflect.Method)[pri:0, instance:workOrders.verifyWOListView@81d9a72]" started-at="2026-04-13T07:25:31 PDT" name="startTest" finished-at="2026-04-13T07:25:31 PDT" duration-ms="7" status="PASS">
          <params>
            <param index="0">
              <value>
                <![CDATA[public void workOrders.verifyWOListView.verifySortingOfWOListingColumn()]]>
              </value>
            </param>
          </params>
          <reporter-output>
          </reporter-output>
        </test-method> <!-- startTest -->
        <test-method signature="verifySortingOfWOListingColumn()[pri:0, instance:workOrders.verifyWOListView@81d9a72]" started-at="2026-04-13T07:25:31 PDT" name="verifySortingOfWOListingColumn" finished-at="2026-04-13T07:25:39 PDT" duration-ms="8743" status="FAIL">
          <exception class="java.lang.AssertionError">
            <message>
              <![CDATA[Missing Columns in WO Listing expected [true] but found [false]]]>
            </message>
            <full-stacktrace>
              <![CDATA[java.lang.AssertionError: Missing Columns in WO Listing expected [true] but found [false]
at org.testng.Assert.fail(Assert.java:111)
at org.testng.Assert.failNotEquals(Assert.java:1578)
at org.testng.Assert.assertTrue(Assert.java:57)
at workOrders.verifyWOListView.verifySortingOfWOListingColumn(verifyWOListView.java:21)
at java.base/jdk.internal.reflect.DirectMethodHandleAccessor.invoke(DirectMethodHandleAccessor.java:103)
at java.base/java.lang.reflect.Method.invoke(Method.java:580)
at org.testng.internal.invokers.MethodInvocationHelper.invokeMethod(MethodInvocationHelper.java:139)
at org.testng.internal.invokers.TestInvoker.invokeMethod(TestInvoker.java:664)
at org.testng.internal.invokers.TestInvoker.invokeTestMethod(TestInvoker.java:228)
at org.testng.internal.invokers.MethodRunner.runInSequence(MethodRunner.java:63)
at org.testng.internal.invokers.TestInvoker$MethodInvocationAgent.invoke(TestInvoker.java:961)
at org.testng.internal.invokers.TestInvoker.invokeTestMethods(TestInvoker.java:201)
at org.testng.internal.invokers.TestMethodWorker.invokeTestMethods(TestMethodWorker.java:148)
at org.testng.internal.invokers.TestMethodWorker.run(TestMethodWorker.java:128)
at java.base/java.util.ArrayList.forEach(ArrayList.java:1596)
at org.testng.TestRunner.privateRun(TestRunner.java:819)
at org.testng.TestRunner.run(TestRunner.java:619)
at org.testng.SuiteRunner.runTest(SuiteRunner.java:443)
at org.testng.SuiteRunner.runSequentially(SuiteRunner.java:437)
at org.testng.SuiteRunner.privateRun(SuiteRunner.java:397)
at org.testng.SuiteRunner.run(SuiteRunner.java:336)
at org.testng.SuiteRunnerWorker.runSuite(SuiteRunnerWorker.java:52)
at org.testng.SuiteRunnerWorker.run(SuiteRunnerWorker.java:95)
at org.testng.TestNG.runSuitesSequentially(TestNG.java:1301)
at org.testng.TestNG.runSuitesLocally(TestNG.java:1228)
at org.testng.TestNG.runSuites(TestNG.java:1134)
at org.testng.TestNG.run(TestNG.java:1101)
at org.testng.remote.AbstractRemoteTestNG.run(AbstractRemoteTestNG.java:115)
at org.testng.remote.RemoteTestNG.initAndRun(RemoteTestNG.java:293)
at org.testng.remote.RemoteTestNG.main(RemoteTestNG.java:91)
]]>
            </full-stacktrace>
          </exception> <!-- java.lang.AssertionError -->
          <reporter-output>
          </reporter-output>
        </test-method> <!-- verifySortingOfWOListingColumn -->
        <test-method is-config="true" signature="reportResult(org.testng.ITestResult)[pri:0, instance:workOrders.verifyWOListView@81d9a72]" started-at="2026-04-13T07:25:39 PDT" name="reportResult" finished-at="2026-04-13T07:25:40 PDT" duration-ms="1013" status="PASS">
          <params>
            <param index="0">
              <value>
                <![CDATA[[TestResult name=verifySortingOfWOListingColumn status=FAILURE method=verifyWOListView.verifySortingOfWOListingColumn()[pri:0, instance:workOrders.verifyWOListView@81d9a72] output={null}]]]>
              </value>
            </param>
          </params>
          <reporter-output>
          </reporter-output>
        </test-method> <!-- reportResult -->
        <test-method is-config="true" signature="startTest(java.lang.reflect.Method)[pri:0, instance:workOrders.verifyWOListView@81d9a72]" started-at="2026-04-13T07:25:40 PDT" name="startTest" finished-at="2026-04-13T07:25:40 PDT" duration-ms="1" status="PASS">
          <params>
            <param index="0">
              <value>
                <![CDATA[public void workOrders.verifyWOListView.verifyWOListing()]]>
              </value>
            </param>
          </params>
          <reporter-output>
          </reporter-output>
        </test-method> <!-- startTest -->
        <test-method signature="verifyWOListing()[pri:0, instance:workOrders.verifyWOListView@81d9a72]" started-at="2026-04-13T07:25:40 PDT" name="verifyWOListing" finished-at="2026-04-13T07:25:40 PDT" duration-ms="5" status="PASS">
          <reporter-output>
          </reporter-output>
        </test-method> <!-- verifyWOListing -->
        <test-method is-config="true" signature="reportResult(org.testng.ITestResult)[pri:0, instance:workOrders.verifyWOListView@81d9a72]" started-at="2026-04-13T07:25:40 PDT" name="reportResult" finished-at="2026-04-13T07:25:41 PDT" duration-ms="128" status="PASS">
          <params>
            <param index="0">
              <value>
                <![CDATA[[TestResult name=verifyWOListing status=SUCCESS method=verifyWOListView.verifyWOListing()[pri:0, instance:workOrders.verifyWOListView@81d9a72] output={null}]]]>
              </value>
            </param>
          </params>
          <reporter-output>
          </reporter-output>
        </test-method> <!-- reportResult -->
        <test-method is-config="true" signature="LogoutFromApplication()[pri:0, instance:workOrders.verifyWOListView@81d9a72]" started-at="2026-04-13T07:25:41 PDT" name="LogoutFromApplication" finished-at="2026-04-13T07:25:42 PDT" duration-ms="1862" status="PASS">
          <reporter-output>
          </reporter-output>
        </test-method> <!-- LogoutFromApplication -->
      </class> <!-- workOrders.verifyWOListView -->
    </test> <!-- Default test -->
  </suite> <!-- Default suite -->
</testng-results>
