<?xml version="1.0" encoding="UTF-8"?>
<!-- Generated by org.testng.reporters.JUnitReportReporter -->
<testsuite hostname="0642-3457" failures="0" tests="2" name="loginTest.VerifyDashBoard" time="19.700" errors="0" timestamp="2026-04-13T01:17:27 PDT" skipped="0">
  <testcase classname="loginTest.VerifyDashBoard" name="verifyLoginToApplication2" time="6.306"/>
  <testcase classname="loginTest.VerifyDashBoard" name="verifyWorkOrderDetails2" time="13.394"/>
</testsuite> <!-- loginTest.VerifyDashBoard -->
